/home/fusion/ros2_ws_1206/install/robot_control/lib/python3.12/site-packages/robot_control/launch_robot_control.py
/home/fusion/ros2_ws_1206/install/robot_control/lib/python3.12/site-packages/robot_control/realtime_robot_control.py
/home/fusion/ros2_ws_1206/install/robot_control/lib/python3.12/site-packages/robot_control/fx_kine.py
/home/fusion/ros2_ws_1206/install/robot_control/lib/python3.12/site-packages/robot_control/fx_robot.py
/home/fusion/ros2_ws_1206/install/robot_control/lib/python3.12/site-packages/robot_control/__init__.py
/home/fusion/ros2_ws_1206/install/robot_control/lib/python3.12/site-packages/robot_control/robot_structures.py
/home/fusion/ros2_ws_1206/install/robot_control/lib/python3.12/site-packages/robot_control/structure_data.py
/home/fusion/ros2_ws_1206/install/robot_control/lib/python3.12/site-packages/robot_control/__pycache__/launch_robot_control.cpython-312.pyc
/home/fusion/ros2_ws_1206/install/robot_control/lib/python3.12/site-packages/robot_control/__pycache__/realtime_robot_control.cpython-312.pyc
/home/fusion/ros2_ws_1206/install/robot_control/lib/python3.12/site-packages/robot_control/__pycache__/fx_kine.cpython-312.pyc
/home/fusion/ros2_ws_1206/install/robot_control/lib/python3.12/site-packages/robot_control/__pycache__/fx_robot.cpython-312.pyc
/home/fusion/ros2_ws_1206/install/robot_control/lib/python3.12/site-packages/robot_control/__pycache__/__init__.cpython-312.pyc
/home/fusion/ros2_ws_1206/install/robot_control/lib/python3.12/site-packages/robot_control/__pycache__/robot_structures.cpython-312.pyc
/home/fusion/ros2_ws_1206/install/robot_control/lib/python3.12/site-packages/robot_control/__pycache__/structure_data.cpython-312.pyc
/home/fusion/ros2_ws_1206/install/robot_control/share/ament_index/resource_index/packages/robot_control
/home/fusion/ros2_ws_1206/install/robot_control/share/robot_control/package.xml
/home/fusion/ros2_ws_1206/install/robot_control/lib/python3.12/site-packages/robot_control-0.0.0-py3.12.egg-info/SOURCES.txt
/home/fusion/ros2_ws_1206/install/robot_control/lib/python3.12/site-packages/robot_control-0.0.0-py3.12.egg-info/requires.txt
/home/fusion/ros2_ws_1206/install/robot_control/lib/python3.12/site-packages/robot_control-0.0.0-py3.12.egg-info/top_level.txt
/home/fusion/ros2_ws_1206/install/robot_control/lib/python3.12/site-packages/robot_control-0.0.0-py3.12.egg-info/PKG-INFO
/home/fusion/ros2_ws_1206/install/robot_control/lib/python3.12/site-packages/robot_control-0.0.0-py3.12.egg-info/entry_points.txt
/home/fusion/ros2_ws_1206/install/robot_control/lib/python3.12/site-packages/robot_control-0.0.0-py3.12.egg-info/zip-safe
/home/fusion/ros2_ws_1206/install/robot_control/lib/python3.12/site-packages/robot_control-0.0.0-py3.12.egg-info/dependency_links.txt
/home/fusion/ros2_ws_1206/install/robot_control/lib/robot_control/realtime_robot_control
